library/build/intermediates/manifest_merge_blame_file/debug/manifest-merger-blame-debug-report.txt
1<?xml version="1.0" encoding="utf-8"?>
2<manifest xmlns:android="http://schemas.android.com/apk/res/android"
3    package="com.sothree.slidinguppanel.library"
4    android:versionCode="17"
5    android:versionName="3.4.0" >
6
7    <uses-sdk android:minSdkVersion="21" />
7-->src/main/AndroidManifest.xml
8
9    <application>
9-->src/main/AndroidManifest.xml:6:5-9:19
10
11        <!-- android:allowBackup="true" -->
12        <!-- android:supportsRtl="true" -->
13    </application>
14
15</manifest>